# JRE version: OpenJDK Runtime Environment AdoptOpenJDK (11.0.9+11) (build 11.0.9+11)
# Java VM: OpenJDK 64-Bit Server VM AdoptOpenJDK (11.0.9+11, mixed mode, tiered, compressed oops, g1 gc, windows-amd64)
Heap:
 garbage-first heap   total 14336K, used 4923K [0x000000070a800000, 0x0000000800000000)
  region size 1024K, 2 young (2048K), 1 survivors (1024K)
 Metaspace       used 22122K, capacity 22641K, committed 22912K, reserved 1069056K
  class space    used 2417K, capacity 2671K, committed 2688K, reserved 1048576K
GC Heap History (6 events):
Event: 2.038 GC heap before
{Heap before GC invocations=0 (full 0):
 garbage-first heap   total 251904K, used 16384K [0x000000070a800000, 0x0000000800000000)
  region size 1024K, 18 young (18432K), 0 survivors (0K)
 Metaspace       used 19226K, capacity 19726K, committed 19840K, reserved 1067008K
  class space    used 2173K, capacity 2398K, committed 2432K, reserved 1048576K
}
Event: 2.046 GC heap after
{Heap after GC invocations=1 (full 1):
 garbage-first heap   total 17408K, used 3861K [0x000000070a800000, 0x0000000800000000)
  region size 1024K, 0 young (0K), 0 survivors (0K)
 Metaspace       used 19226K, capacity 19726K, committed 19840K, reserved 1067008K
  class space    used 2173K, capacity 2398K, committed 2432K, reserved 1048576K
}
Event: 2.047 GC heap before
{Heap before GC invocations=1 (full 1):
 garbage-first heap   total 17408K, used 3861K [0x000000070a800000, 0x0000000800000000)
  region size 1024K, 0 young (0K), 0 survivors (0K)
 Metaspace       used 19226K, capacity 19726K, committed 19840K, reserved 1067008K
  class space    used 2173K, capacity 2398K, committed 2432K, reserved 1048576K
}
Event: 2.062 GC heap after
{Heap after GC invocations=2 (full 2):
 garbage-first heap   total 14336K, used 3861K [0x000000070a800000, 0x0000000800000000)
  region size 1024K, 0 young (0K), 0 survivors (0K)
 Metaspace       used 19226K, capacity 19726K, committed 19840K, reserved 1067008K
  class space    used 2173K, capacity 2398K, committed 2432K, reserved 1048576K
}
Event: 2.220 GC heap before
{Heap before GC invocations=2 (full 2):
 garbage-first heap   total 14336K, used 6933K [0x000000070a800000, 0x0000000800000000)
  region size 1024K, 4 young (4096K), 0 survivors (0K)
 Metaspace       used 21659K, capacity 22155K, committed 22400K, reserved 1069056K
  class space    used 2397K, capacity 2637K, committed 2688K, reserved 1048576K
}
Event: 2.221 GC heap after
{Heap after GC invocations=3 (full 2):
 garbage-first heap   total 14336K, used 4923K [0x000000070a800000, 0x0000000800000000)
  region size 1024K, 1 young (1024K), 1 survivors (1024K)
 Metaspace       used 21659K, capacity 22155K, committed 22400K, reserved 1069056K
  class space    used 2397K, capacity 2637K, committed 2688K, reserved 1048576K
}

